TN:
SF:contracts/DIAExternalStaking.sol
FNL:0,117
FNA:0,15,DIAExternalStaking.stake
FNL:1,126
FNA:1,3,DIAExternalStaking.stakeForAddress
FNL:2,159
FNA:2,12,DIAExternalStaking.requestUnstake
FNL:3,172
FNA:3,9,DIAExternalStaking.unstake
FNL:4,235
FNA:4,2,DIAExternalStaking.updatePrincipalPayoutWallet
FNL:5,256
FNA:5,4,DIAExternalStaking.updatePrincipalUnstaker
FNL:6,274
FNA:6,4,DIAExternalStaking.setUnstakingDuration
FNL:7,293
FNA:7,7,DIAExternalStaking.getRewardForStakingStore
FNL:8,323
FNA:8,6,DIAExternalStaking.updateReward
FNL:9,77
FNA:9,12,DIAExternalStaking.onlyBeneficiaryOrPayoutWallet
FNL:10,94
FNA:10,22,DIAExternalStaking.constructor
FNF:11
FNH:11
DA:77,12
DA:78,12
DA:80,12
DA:81,1
DA:94,22
DA:108,22
DA:109,22
DA:110,22
DA:117,15
DA:118,15
DA:126,3
DA:131,18
DA:133,18
DA:134,1
DA:136,17
DA:137,0
DA:140,17
DA:143,17
DA:144,17
DA:145,17
DA:146,17
DA:147,17
DA:148,17
DA:149,17
DA:150,17
DA:151,17
DA:159,12
DA:160,11
DA:161,11
DA:162,1
DA:165,10
DA:172,9
DA:173,9
DA:174,9
DA:175,2
DA:178,7
DA:179,0
DA:183,7
DA:185,1
DA:186,1
DA:190,6
DA:194,6
DA:195,6
DA:196,6
DA:197,6
DA:198,6
DA:199,6
DA:202,6
DA:203,6
DA:205,6
DA:206,1
DA:216,6
DA:222,6
DA:235,2
DA:239,2
DA:240,2
DA:241,1
DA:243,1
DA:248,1
DA:256,4
DA:260,4
DA:261,4
DA:262,0
DA:264,4
DA:274,4
DA:275,3
DA:276,1
DA:279,2
DA:280,1
DA:282,1
DA:284,1
DA:293,7
DA:296,13
DA:299,13
DA:300,13
DA:301,11
DA:303,2
DA:307,13
DA:309,13
DA:310,13
DA:311,16
DA:314,13
DA:323,6
DA:324,6
DA:326,6
DA:329,6
DA:331,6
LF:87
LH:84
end_of_record
TN:
SF:contracts/DIARewardsDistribution.sol
FNL:0,20
FNA:0,47,DIARewardsDistribution.constructor
FNL:1,30
FNA:1,1,DIARewardsDistribution.updateRewardRatePerDay
FNL:2,36
FNA:2,2,DIARewardsDistribution.updateRewardsWallet
FNF:3
FNH:3
DA:20,47
DA:25,47
DA:26,47
DA:27,47
DA:30,1
DA:31,1
DA:33,1
DA:36,2
DA:37,2
DA:38,1
DA:40,1
DA:42,1
LF:12
LH:12
end_of_record
TN:
SF:contracts/DIAWhitelistedStaking.sol
FNL:0,111
FNA:0,2,DIAWhitelistedStaking.stakeForAddress
FNL:1,142
FNA:1,23,DIAWhitelistedStaking.stake
FNL:2,152
FNA:2,1,DIAWhitelistedStaking.updatePrincipalPayoutWallet
FNL:3,165
FNA:3,4,DIAWhitelistedStaking.updatePrincipalUnstaker
FNL:4,181
FNA:4,9,DIAWhitelistedStaking.requestUnstake
FNL:5,195
FNA:5,7,DIAWhitelistedStaking.unstake
FNL:6,248
FNA:6,1,DIAWhitelistedStaking.unstakePrincipal
FNL:7,288
FNA:7,28,DIAWhitelistedStaking.addWhitelistedStaker
FNL:8,303
FNA:8,2,DIAWhitelistedStaking.removeWhitelistedStaker
FNL:9,320
FNA:9,3,DIAWhitelistedStaking.setUnstakingDuration
FNL:10,337
FNA:10,3,DIAWhitelistedStaking.getRewardForStakingStore
FNL:11,362
FNA:11,4,DIAWhitelistedStaking.updateReward
FNL:12,72
FNA:12,9,DIAWhitelistedStaking.onlyBeneficiaryOrPayoutWallet
FNL:13,89
FNA:13,25,DIAWhitelistedStaking.constructor
FNF:14
FNH:14
DA:72,9
DA:73,9
DA:75,9
DA:76,1
DA:89,25
DA:102,25
DA:103,25
DA:111,2
DA:116,25
DA:117,0
DA:119,25
DA:121,25
DA:122,0
DA:125,25
DA:128,25
DA:129,25
DA:130,25
DA:131,25
DA:132,25
DA:133,25
DA:134,25
DA:135,25
DA:142,23
DA:143,23
DA:152,1
DA:156,1
DA:157,1
DA:165,4
DA:169,4
DA:170,4
DA:171,1
DA:173,3
DA:181,9
DA:182,8
DA:185,8
DA:186,1
DA:188,7
DA:195,7
DA:196,7
DA:197,7
DA:198,2
DA:202,5
DA:204,1
DA:205,1
DA:208,4
DA:209,0
DA:213,4
DA:215,4
DA:216,4
DA:218,4
DA:219,4
DA:221,4
DA:223,0
DA:232,4
DA:237,4
DA:238,4
DA:239,4
DA:248,1
DA:249,1
DA:251,1
DA:252,1
DA:254,0
DA:256,0
DA:257,0
DA:260,0
DA:261,0
DA:266,0
DA:267,0
DA:268,0
DA:273,0
DA:288,28
DA:289,1
DA:290,1
DA:292,27
DA:293,27
DA:303,2
DA:306,2
DA:307,1
DA:309,1
DA:310,1
DA:320,3
DA:321,3
DA:322,1
DA:325,2
DA:326,1
DA:328,1
DA:337,3
DA:340,7
DA:343,7
DA:344,7
DA:345,5
DA:347,2
DA:349,7
DA:353,7
DA:362,4
DA:363,4
DA:364,4
DA:365,4
DA:367,4
LF:99
LH:86
end_of_record
